c:\users\student\desktop\ゲームパッド修正\release\vc140.pdb
c:\users\student\desktop\ゲームパッド修正\release\model.obj
c:\users\student\desktop\ゲームパッド修正\release\menu.obj
c:\users\student\desktop\ゲームパッド修正\release\manager.obj
c:\users\student\desktop\ゲームパッド修正\release\main.obj
c:\users\student\desktop\ゲームパッド修正\release\logo.obj
c:\users\student\desktop\ゲームパッド修正\release\light.obj
c:\users\student\desktop\ゲームパッド修正\release\life.obj
c:\users\student\desktop\ゲームパッド修正\release\item.obj
c:\users\student\desktop\ゲームパッド修正\release\input.obj
c:\users\student\desktop\ゲームパッド修正\release\gamepad.obj
c:\users\student\desktop\ゲームパッド修正\release\game2.obj
c:\users\student\desktop\ゲームパッド修正\release\game.obj
c:\users\student\desktop\ゲームパッド修正\release\fade.obj
c:\users\student\desktop\ゲームパッド修正\release\explosion.obj
c:\users\student\desktop\ゲームパッド修正\release\enemy.obj
c:\users\student\desktop\ゲームパッド修正\release\effect.obj
c:\users\student\desktop\ゲームパッド修正\release\camera.obj
c:\users\student\desktop\ゲームパッド修正\release\bullet.obj
c:\users\student\desktop\ゲームパッド修正\release\bg.obj
c:\users\student\desktop\ゲームパッド修正\release\animation.obj
c:\users\student\desktop\ゲームパッド修正\release\tutorial.obj
c:\users\student\desktop\ゲームパッド修正\release\title.obj
c:\users\student\desktop\ゲームパッド修正\release\sound.obj
c:\users\student\desktop\ゲームパッド修正\release\select.obj
c:\users\student\desktop\ゲームパッド修正\release\score.obj
c:\users\student\desktop\ゲームパッド修正\release\scenex.obj
c:\users\student\desktop\ゲームパッド修正\release\scene2d.obj
c:\users\student\desktop\ゲームパッド修正\release\renderer.obj
c:\users\student\desktop\ゲームパッド修正\release\scene.obj
c:\users\student\desktop\ゲームパッド修正\release\result.obj
c:\users\student\desktop\ゲームパッド修正\release\polygon.obj
c:\users\student\desktop\ゲームパッド修正\release\player3d.obj
c:\users\student\desktop\ゲームパッド修正\release\player.obj
c:\users\student\desktop\ゲームパッド修正\release\pause.obj
c:\users\student\desktop\ゲームパッド修正\release\particle.obj
c:\users\student\desktop\ゲームパッド修正\release\object3d.obj
c:\users\student\desktop\ゲームパッド修正\release\number.obj
c:\users\student\desktop\ゲームパッド修正\win32project11.exe
c:\users\student\desktop\ゲームパッド修正\win32project11.pdb
c:\users\student\desktop\ゲームパッド修正\release\polygon_fade.obj
c:\users\student\desktop\ゲームパッド修正\release\win32project11.tlog\cl.command.1.tlog
c:\users\student\desktop\ゲームパッド修正\release\win32project11.tlog\cl.read.1.tlog
c:\users\student\desktop\ゲームパッド修正\release\win32project11.tlog\cl.write.1.tlog
c:\users\student\desktop\ゲームパッド修正\release\win32project11.tlog\link.command.1.tlog
c:\users\student\desktop\ゲームパッド修正\release\win32project11.tlog\link.read.1.tlog
c:\users\student\desktop\ゲームパッド修正\release\win32project11.tlog\link.write.1.tlog
