  camera.cpp
  debugproc.cpp
  fade.cpp
  game.cpp
  gamepad.cpp
  input.cpp
  light.cpp
  main.cpp
  manager.cpp
  meshfield.cpp
  model.cpp
  number.cpp
  object3D.cpp
  player3D.cpp
  renderer.cpp
  scene.cpp
  scene2D.cpp
  scene3D.cpp
  sceneX.cpp
  score.cpp
  コンパイル中...
  shadowS.cpp
  sound.cpp
  textobject.cpp
  texture.cpp
  vertex.cpp
  コード生成しています。
  1 of 289 functions ( 0.3%) were compiled, the rest were copied from previous compilation.
    0 functions were new in current compilation
    1 functions had inline decision re-evaluated but remain unchanged
  コード生成が終了しました。
  Win32Project11.vcxproj -> C:\Users\student\Desktop\開発環境\Win32Project11.exe
  Win32Project11.vcxproj -> C:\Users\student\Desktop\開発環境\Win32Project11.pdb (Full PDB)
