  texture.cpp
  sound.cpp
  shadowS.cpp
  score.cpp
  sceneX.cpp
  scene3D.cpp
  scene2D.cpp
  renderer.cpp
  scene.cpp
  player3D.cpp
  vertex.cpp
  textobject.cpp
  object3D.cpp
  number.cpp
  model.cpp
  meshfield.cpp
  manager.cpp
  main.cpp
  light.cpp
  input.cpp
  コードを生成中...
  コンパイル中...
  gamepad.cpp
  game.cpp
  fade.cpp
  debugproc.cpp
  camera.cpp
  コードを生成中...
  LINK : 前回のインクリメンタル リンクで C:\Users\student\Desktop\開発環境\Debug\Win32Project11.exe が見つからなかったか、ビルドされませんでした。フル リンクを行います。
  Win32Project11.vcxproj -> C:\Users\student\Desktop\開発環境\Debug\Win32Project11.exe
  Win32Project11.vcxproj -> C:\Users\student\Desktop\開発環境\Debug\Win32Project11.pdb (Full PDB)
